#
# A fatal error has been detected by the Java Runtime Environment:
#
#  EXCEPTION_ACCESS_VIOLATION (0xc0000005) at pc=0x0000000002db8ff1, pid=3880, tid=0x0000000000001434
#
# JRE version: Java(TM) SE Runtime Environment (8.0_111-b14) (build 1.8.0_111-b14)
# Java VM: Java HotSpot(TM) 64-Bit Server VM (25.111-b14 mixed mode windows-amd64 compressed oops)
# Problematic frame:
# J 2424 C2 sun.awt.SunToolkit.getAppContext(Ljava/lang/Object;)Lsun/awt/AppContext; (42 bytes) @ 0x0000000002db8ff1 [0x0000000002db8fe0+0x11]
#
# Failed to write core dump. Minidumps are not enabled by default on client versions of Windows
#
# If you would like to submit a bug report, please visit:
#   http://bugreport.java.com/bugreport/crash.jsp
#

---------------  T H R E A D  ---------------

Current thread (0x000000001864a000):  JavaThread "AWT-EventQueue-0" [_thread_in_Java, id=5172, stack(0x0000000019e90000,0x0000000019f90000)]

siginfo: ExceptionCode=0xc0000005, reading address 0x0000000000000039

Registers:
RAX=0x00000000164990b8, RBX=0x00000000164990b8, RCX=0x000000001649ebf8, RDX=0x0000000000000031
RSP=0x0000000019f899e0, RBP=0x0000000019f89a68, RSI=0x0000000018625598, RDI=0x000000001918aa20
R8 =0x00000000009d0d80, R9 =0x0000000000008000, R10=0x000000005a9dc0c0, R11=0x0000000002db8fe0
R12=0x0000000000000000, R13=0x0000000019f89a20, R14=0x0000000019f89a80, R15=0x000000001864a000
RIP=0x0000000002db8ff1, EFLAGS=0x0000000000010202

Top of Stack: (sp=0x0000000019f899e0)
0x0000000019f899e0:   0000000019f89a10 0000000002cd585a
0x0000000019f899f0:   0000000000000048 0000000018625598
0x0000000019f89a00:   0000000019f89a68 0000000002c980e0
0x0000000019f89a10:   0000000019f89a68 0000000002c980e0
0x0000000019f89a20:   0000000000000031 0000000019f89a28
0x0000000019f89a30:   0000000016499147 0000000019f89a80
0x0000000019f89a40:   000000001649ebf8 00000000168445f0
0x0000000019f89a50:   0000000016499168 0000000019f89a20
0x0000000019f89a60:   0000000019f89a80 0000000019f89ad0
0x0000000019f89a70:   0000000002c980e0 0000000000000000
0x0000000019f89a80:   0000000000000031 0000000000000031
0x0000000019f89a90:   0000000019f89a90 0000000019f9ae85
0x0000000019f89aa0:   0000000019f89ae0 000000001a0c55e8
0x0000000019f89ab0:   000000001a7a7170 0000000019f9aea8
0x0000000019f89ac0:   0000000019f89a88 0000000019f89ae0
0x0000000019f89ad0:   0000000019f89b28 0000000002c980e0 

Instructions: (pc=0x0000000002db8ff1)
0x0000000002db8fd1:   24 48 48 89 7c 24 40 4c 89 44 24 38 4c 89 4c 89
0x0000000002db8fe1:   84 24 00 a0 ff ff 55 48 83 ec 20 48 85 d2 74 53
0x0000000002db8ff1:   44 8b 5a 08 49 ba 00 00 00 00 00 00 00 00 4f 8d
0x0000000002db9001:   14 da 4d 8b 52 30 49 bb f0 a2 04 00 01 00 00 00 


Register to memory mapping:

RAX={method} {0x00000000164990c0} 'getAppContext' '(Ljava/lang/Object;)Lsun/awt/AppContext;' in 'sun/awt/SunToolkit'
RBX={method} {0x00000000164990c0} 'getAppContext' '(Ljava/lang/Object;)Lsun/awt/AppContext;' in 'sun/awt/SunToolkit'
RCX=0x000000001649ebf8 is pointing into metadata
RDX=0x0000000000000031 is an unknown value
RSP=0x0000000019f899e0 is pointing into the stack for thread: 0x000000001864a000
RBP=0x0000000019f89a68 is pointing into the stack for thread: 0x000000001864a000
RSI=0x0000000018625598 is an unknown value
RDI=0x000000001918aa20 is an unknown value
R8 =0x00000000009d0d80 is an unknown value
R9 =0x0000000000008000 is an unknown value
R10=0x000000005a9dc0c0 is an unknown value
R11=0x0000000002db8fe0 is at entry_point+0 in (nmethod*)0x0000000002db8e90
R12=0x0000000000000000 is an unknown value
R13=0x0000000019f89a20 is pointing into the stack for thread: 0x000000001864a000
R14=0x0000000019f89a80 is pointing into the stack for thread: 0x000000001864a000
R15=0x000000001864a000 is a thread


Stack: [0x0000000019e90000,0x0000000019f90000],  sp=0x0000000019f899e0,  free space=998k
Native frames: (J=compiled Java code, j=interpreted, Vv=VM code, C=native code)
C  0x0000000002db8ff1


---------------  P R O C E S S  ---------------

Java Threads: ( => current thread )
  0x000000001af93000 JavaThread "TimerQueue" daemon [_thread_blocked, id=336, stack(0x000000001bef0000,0x000000001bff0000)]
  0x0000000002b90800 JavaThread "DestroyJavaVM" [_thread_blocked, id=1812, stack(0x00000000029c0000,0x0000000002ac0000)]
=>0x000000001864a000 JavaThread "AWT-EventQueue-0" [_thread_in_Java, id=5172, stack(0x0000000019e90000,0x0000000019f90000)]
  0x000000001861f800 JavaThread "AWT-Windows" daemon [_thread_in_native, id=1808, stack(0x00000000194d0000,0x00000000195d0000)]
  0x000000001861f000 JavaThread "AWT-Shutdown" [_thread_blocked, id=6124, stack(0x00000000193d0000,0x00000000194d0000)]
  0x000000001861e800 JavaThread "Java2D Disposer" daemon [_thread_blocked, id=5152, stack(0x00000000192d0000,0x00000000193d0000)]
  0x00000000182aa000 JavaThread "Service Thread" daemon [_thread_blocked, id=5128, stack(0x0000000018780000,0x0000000018880000)]
  0x0000000018287000 JavaThread "C1 CompilerThread2" daemon [_thread_blocked, id=9372, stack(0x0000000018680000,0x0000000018780000)]
  0x0000000016a44000 JavaThread "C2 CompilerThread1" daemon [_thread_blocked, id=7140, stack(0x0000000018180000,0x0000000018280000)]
  0x0000000016a0a000 JavaThread "C2 CompilerThread0" daemon [_thread_blocked, id=5160, stack(0x0000000018080000,0x0000000018180000)]
  0x0000000016a06800 JavaThread "Attach Listener" daemon [_thread_blocked, id=6012, stack(0x0000000017f80000,0x0000000018080000)]
  0x0000000016a05800 JavaThread "Signal Dispatcher" daemon [_thread_blocked, id=5196, stack(0x0000000017e80000,0x0000000017f80000)]
  0x00000000169ea800 JavaThread "Finalizer" daemon [_thread_blocked, id=5180, stack(0x0000000017c70000,0x0000000017d70000)]
  0x0000000002c7f000 JavaThread "Reference Handler" daemon [_thread_blocked, id=5184, stack(0x0000000017b70000,0x0000000017c70000)]

Other Threads:
  0x00000000169c7800 VMThread [stack: 0x0000000017a70000,0x0000000017b70000] [id=4128]
  0x0000000016a5d800 WatcherThread [stack: 0x00000000189d0000,0x0000000018ad0000] [id=3176]

VM state:not at safepoint (normal execution)

VM Mutex/Monitor currently owned by a thread: None

Heap:
 PSYoungGen      total 24064K, used 20993K [0x00000000ddc00000, 0x00000000dfd00000, 0x0000000100000000)
  eden space 23552K, 88% used [0x00000000ddc00000,0x00000000df0485d0,0x00000000df300000)
  from space 512K, 43% used [0x00000000df380000,0x00000000df3b8000,0x00000000df400000)
  to   space 5120K, 0% used [0x00000000df800000,0x00000000df800000,0x00000000dfd00000)
 ParOldGen       total 71168K, used 25467K [0x0000000099400000, 0x000000009d980000, 0x00000000ddc00000)
  object space 71168K, 35% used [0x0000000099400000,0x000000009acdef28,0x000000009d980000)
 Metaspace       used 14842K, capacity 15092K, committed 15360K, reserved 1062912K
  class space    used 1844K, capacity 1938K, committed 2048K, reserved 1048576K

Card table byte_map: [0x0000000012050000,0x0000000012390000] byte_map_base: 0x0000000011b86000

Marking Bits: (ParMarkBitMap*) 0x000000005a9fa6c0
 Begin Bits: [0x00000000129c0000, 0x0000000014370000)
 End Bits:   [0x0000000014370000, 0x0000000015d20000)

Polling page: 0x00000000009f0000

CodeCache: size=245760Kb used=10092Kb max_used=10565Kb free=235667Kb
 bounds [0x0000000002c90000, 0x0000000003710000, 0x0000000011c90000]
 total_blobs=3247 nmethods=2751 adapters=407
 compilation: enabled

Compilation events (10 events):
Event: 190.209 Thread 0x0000000016a44000 2987       4       sun.awt.image.IntegerInterleavedRaster::<init> (195 bytes)
Event: 190.210 Thread 0x0000000016a0a000 2988       4       java.awt.image.DirectColorModel::createCompatibleWritableRaster (140 bytes)
Event: 190.227 Thread 0x0000000016a44000 nmethod 2987 0x0000000002e603d0 code [0x0000000002e60560, 0x0000000002e60e18]
Event: 190.248 Thread 0x0000000016a0a000 nmethod 2988 0x00000000030906d0 code [0x0000000003090920, 0x0000000003091e48]
Event: 190.251 Thread 0x0000000018287000 2989       3       java.awt.Point::equals (46 bytes)
Event: 190.251 Thread 0x0000000018287000 nmethod 2989 0x0000000002e1db10 code [0x0000000002e1dca0, 0x0000000002e1e0e8]
Event: 190.251 Thread 0x0000000018287000 2990       3       javax.swing.JViewport::computeBlit (270 bytes)
Event: 190.252 Thread 0x0000000018287000 nmethod 2990 0x0000000002e36910 code [0x0000000002e36ae0, 0x0000000002e37490]
Event: 190.319 Thread 0x0000000016a44000 2991       4       sun.awt.image.BufferedImageGraphicsConfig::getColorModel (86 bytes)
Event: 190.320 Thread 0x0000000016a44000 nmethod 2991 0x000000000303d110 code [0x000000000303d260, 0x000000000303d378]

GC Heap History (10 events):
Event: 112.015 GC heap before
{Heap before GC invocations=7 (full 0):
 PSYoungGen      total 29184K, used 29166K [0x00000000ddc00000, 0x00000000dfd00000, 0x0000000100000000)
  eden space 26112K, 100% used [0x00000000ddc00000,0x00000000df580000,0x00000000df580000)
  from space 3072K, 99% used [0x00000000dfa00000,0x00000000dfcfb8e8,0x00000000dfd00000)
  to   space 3584K, 0% used [0x00000000df600000,0x00000000df600000,0x00000000df980000)
 ParOldGen       total 71168K, used 22369K [0x0000000099400000, 0x000000009d980000, 0x00000000ddc00000)
  object space 71168K, 31% used [0x0000000099400000,0x000000009a9d8430,0x000000009d980000)
 Metaspace       used 14755K, capacity 14964K, committed 15360K, reserved 1062912K
  class space    used 1844K, capacity 1938K, committed 2048K, reserved 1048576K
Event: 112.020 GC heap after
Heap after GC invocations=7 (full 0):
 PSYoungGen      total 26112K, used 352K [0x00000000ddc00000, 0x00000000dfd00000, 0x0000000100000000)
  eden space 25600K, 0% used [0x00000000ddc00000,0x00000000ddc00000,0x00000000df500000)
  from space 512K, 68% used [0x00000000df600000,0x00000000df658000,0x00000000df680000)
  to   space 4096K, 0% used [0x00000000df900000,0x00000000df900000,0x00000000dfd00000)
 ParOldGen       total 71168K, used 25248K [0x0000000099400000, 0x000000009d980000, 0x00000000ddc00000)
  object space 71168K, 35% used [0x0000000099400000,0x000000009aca81f8,0x000000009d980000)
 Metaspace       used 14755K, capacity 14964K, committed 15360K, reserved 1062912K
  class space    used 1844K, capacity 1938K, committed 2048K, reserved 1048576K
}
Event: 112.875 GC heap before
{Heap before GC invocations=8 (full 0):
 PSYoungGen      total 26112K, used 25952K [0x00000000ddc00000, 0x00000000dfd00000, 0x0000000100000000)
  eden space 25600K, 100% used [0x00000000ddc00000,0x00000000df500000,0x00000000df500000)
  from space 512K, 68% used [0x00000000df600000,0x00000000df658000,0x00000000df680000)
  to   space 4096K, 0% used [0x00000000df900000,0x00000000df900000,0x00000000dfd00000)
 ParOldGen       total 71168K, used 25248K [0x0000000099400000, 0x000000009d980000, 0x00000000ddc00000)
  object space 71168K, 35% used [0x0000000099400000,0x000000009aca81f8,0x000000009d980000)
 Metaspace       used 14787K, capacity 15028K, committed 15360K, reserved 1062912K
  class space    used 1844K, capacity 1938K, committed 2048K, reserved 1048576K
Event: 112.876 GC heap after
Heap after GC invocations=8 (full 0):
 PSYoungGen      total 29184K, used 256K [0x00000000ddc00000, 0x00000000dfd80000, 0x0000000100000000)
  eden space 25088K, 0% used [0x00000000ddc00000,0x00000000ddc00000,0x00000000df480000)
  from space 4096K, 6% used [0x00000000df900000,0x00000000df940000,0x00000000dfd00000)
  to   space 4608K, 0% used [0x00000000df480000,0x00000000df480000,0x00000000df900000)
 ParOldGen       total 71168K, used 25309K [0x0000000099400000, 0x000000009d980000, 0x00000000ddc00000)
  object space 71168K, 35% used [0x0000000099400000,0x000000009acb76d8,0x000000009d980000)
 Metaspace       used 14787K, capacity 15028K, committed 15360K, reserved 1062912K
  class space    used 1844K, capacity 1938K, committed 2048K, reserved 1048576K
}
Event: 113.694 GC heap before
{Heap before GC invocations=9 (full 0):
 PSYoungGen      total 29184K, used 25344K [0x00000000ddc00000, 0x00000000dfd80000, 0x0000000100000000)
  eden space 25088K, 100% used [0x00000000ddc00000,0x00000000df480000,0x00000000df480000)
  from space 4096K, 6% used [0x00000000df900000,0x00000000df940000,0x00000000dfd00000)
  to   space 4608K, 0% used [0x00000000df480000,0x00000000df480000,0x00000000df900000)
 ParOldGen       total 71168K, used 25309K [0x0000000099400000, 0x000000009d980000, 0x00000000ddc00000)
  object space 71168K, 35% used [0x0000000099400000,0x000000009acb76d8,0x000000009d980000)
 Metaspace       used 14793K, capacity 15028K, committed 15360K, reserved 1062912K
  class space    used 1844K, capacity 1938K, committed 2048K, reserved 1048576K
Event: 113.694 GC heap after
Heap after GC invocations=9 (full 0):
 PSYoungGen      total 25088K, used 288K [0x00000000ddc00000, 0x00000000dfd00000, 0x0000000100000000)
  eden space 24576K, 0% used [0x00000000ddc00000,0x00000000ddc00000,0x00000000df400000)
  from space 512K, 56% used [0x00000000df480000,0x00000000df4c8000,0x00000000df500000)
  to   space 4608K, 0% used [0x00000000df880000,0x00000000df880000,0x00000000dfd00000)
 ParOldGen       total 71168K, used 25325K [0x0000000099400000, 0x000000009d980000, 0x00000000ddc00000)
  object space 71168K, 35% used [0x0000000099400000,0x000000009acbb6d8,0x000000009d980000)
 Metaspace       used 14793K, capacity 15028K, committed 15360K, reserved 1062912K
  class space    used 1844K, capacity 1938K, committed 2048K, reserved 1048576K
}
Event: 115.328 GC heap before
{Heap before GC invocations=10 (full 0):
 PSYoungGen      total 25088K, used 24864K [0x00000000ddc00000, 0x00000000dfd00000, 0x0000000100000000)
  eden space 24576K, 100% used [0x00000000ddc00000,0x00000000df400000,0x00000000df400000)
  from space 512K, 56% used [0x00000000df480000,0x00000000df4c8000,0x00000000df500000)
  to   space 4608K, 0% used [0x00000000df880000,0x00000000df880000,0x00000000dfd00000)
 ParOldGen       total 71168K, used 25325K [0x0000000099400000, 0x000000009d980000, 0x00000000ddc00000)
  object space 71168K, 35% used [0x0000000099400000,0x000000009acbb6d8,0x000000009d980000)
 Metaspace       used 14817K, capacity 15028K, committed 15360K, reserved 1062912K
  class space    used 1844K, capacity 1938K, committed 2048K, reserved 1048576K
Event: 115.328 GC heap after
Heap after GC invocations=10 (full 0):
 PSYoungGen      total 28672K, used 256K [0x00000000ddc00000, 0x00000000dfd80000, 0x0000000100000000)
  eden space 24064K, 0% used [0x00000000ddc00000,0x00000000ddc00000,0x00000000df380000)
  from space 4608K, 5% used [0x00000000df880000,0x00000000df8c0000,0x00000000dfd00000)
  to   space 5120K, 0% used [0x00000000df380000,0x00000000df380000,0x00000000df880000)
 ParOldGen       total 71168K, used 25353K [0x0000000099400000, 0x000000009d980000, 0x00000000ddc00000)
  object space 71168K, 35% used [0x0000000099400000,0x000000009acc24a8,0x000000009d980000)
 Metaspace       used 14817K, capacity 15028K, committed 15360K, reserved 1062912K
  class space    used 1844K, capacity 1938K, committed 2048K, reserved 1048576K
}
Event: 189.598 GC heap before
{Heap before GC invocations=11 (full 0):
 PSYoungGen      total 28672K, used 24320K [0x00000000ddc00000, 0x00000000dfd80000, 0x0000000100000000)
  eden space 24064K, 100% used [0x00000000ddc00000,0x00000000df380000,0x00000000df380000)
  from space 4608K, 5% used [0x00000000df880000,0x00000000df8c0000,0x00000000dfd00000)
  to   space 5120K, 0% used [0x00000000df380000,0x00000000df380000,0x00000000df880000)
 ParOldGen       total 71168K, used 25353K [0x0000000099400000, 0x000000009d980000, 0x00000000ddc00000)
  object space 71168K, 35% used [0x0000000099400000,0x000000009acc24a8,0x000000009d980000)
 Metaspace       used 14839K, capacity 15092K, committed 15360K, reserved 1062912K
  class space    used 1844K, capacity 1938K, committed 2048K, reserved 1048576K
Event: 189.599 GC heap after
Heap after GC invocations=11 (full 0):
 PSYoungGen      total 24064K, used 224K [0x00000000ddc00000, 0x00000000dfd00000, 0x0000000100000000)
  eden space 23552K, 0% used [0x00000000ddc00000,0x00000000ddc00000,0x00000000df300000)
  from space 512K, 43% used [0x00000000df380000,0x00000000df3b8000,0x00000000df400000)
  to   space 5120K, 0% used [0x00000000df800000,0x00000000df800000,0x00000000dfd00000)
 ParOldGen       total 71168K, used 25467K [0x0000000099400000, 0x000000009d980000, 0x00000000ddc00000)
  object space 71168K, 35% used [0x0000000099400000,0x000000009acdef28,0x000000009d980000)
 Metaspace       used 14839K, capacity 15092K, committed 15360K, reserved 1062912K
  class space    used 1844K, capacity 1938K, committed 2048K, reserved 1048576K
}

Deoptimization events (10 events):
Event: 13.639 Thread 0x000000001864a000 Uncommon trap: reason=unstable_if action=reinterpret pc=0x0000000002fc46c0 method=java.lang.ref.SoftReference.get()Ljava/lang/Object; @ 17
Event: 13.877 Thread 0x000000001864a000 Uncommon trap: reason=unstable_if action=reinterpret pc=0x00000000031eeb2c method=java.lang.StrictMath.floorOrCeil(DDDD)D @ 24
Event: 17.238 Thread 0x000000001864a000 Uncommon trap: reason=unstable_if action=reinterpret pc=0x00000000032fa7d4 method=java.awt.geom.Path2D$Float.needRoom(ZI)V @ 56
Event: 17.242 Thread 0x000000001864a000 Uncommon trap: reason=unstable_if action=reinterpret pc=0x00000000031aa890 method=javax.swing.plaf.nimbus.NimbusStyle.getNextState([Ljavax/swing/plaf/nimbus/NimbusStyle$RuntimeState;[II)Ljavax/swing/plaf/nimbus/NimbusStyle$RuntimeState; @ 19
Event: 17.243 Thread 0x000000001864a000 Uncommon trap: reason=unstable_if action=reinterpret pc=0x00000000032f3b1c method=sun.java2d.SunGraphics2D.setColor(Ljava/awt/Color;)V @ 74
Event: 32.473 Thread 0x000000001864a000 Uncommon trap: reason=unstable_if action=reinterpret pc=0x0000000003425a2c method=sun.java2d.pipe.Region.dimAdd(II)I @ 1
Event: 87.012 Thread 0x000000001864a000 Uncommon trap: reason=null_check action=make_not_entrant pc=0x0000000002f66fd4 method=sun.awt.SunToolkit.getAppContext(Ljava/lang/Object;)Lsun/awt/AppContext; @ 1
Event: 90.599 Thread 0x000000001864a000 Uncommon trap: reason=unstable_if action=reinterpret pc=0x0000000003536c68 method=sun.font.CMap$CMapFormat4.getGlyph(I)C @ 181
Event: 90.973 Thread 0x000000001864a000 Uncommon trap: reason=null_check action=make_not_entrant pc=0x0000000003544378 method=javax.swing.plaf.nimbus.NimbusStyle.isOpaque(Ljavax/swing/plaf/synth/SynthContext;)Z @ 9
Event: 190.430 Thread 0x000000001864a000 Uncommon trap: reason=unstable_if action=reinterpret pc=0x0000000002eed0a0 method=sun.awt.SunToolkit.targetToAppContext(Ljava/lang/Object;)Lsun/awt/AppContext; @ 1

Internal exceptions (10 events):
Event: 87.012 Thread 0x000000001864a000 Exception <a 'java/lang/NullPointerException'> (0x00000000ddc19b18) thrown at [C:\re\workspace\8-2-build-windows-amd64-cygwin\jdk8u111\7883\hotspot\src\share\vm\runtime\sharedRuntime.cpp, line 605]
Event: 87.012 Thread 0x000000001864a000 Exception <a 'java/lang/NullPointerException'> (0x00000000ddc19b18) thrown at [C:\re\workspace\8-2-build-windows-amd64-cygwin\jdk8u111\7883\hotspot\src\share\vm\prims\jvm.cpp, line 1390]
Event: 87.012 Thread 0x000000001864a000 Exception <a 'java/lang/NullPointerException'> (0x00000000ddc19b18) thrown at [C:\re\workspace\8-2-build-windows-amd64-cygwin\jdk8u111\7883\hotspot\src\share\vm\prims\jvm.cpp, line 1390]
Event: 87.012 Thread 0x000000001864a000 Exception <a 'java/lang/NullPointerException'> (0x00000000ddc19b18) thrown at [C:\re\workspace\8-2-build-windows-amd64-cygwin\jdk8u111\7883\hotspot\src\share\vm\prims\jvm.cpp, line 1390]
Event: 87.012 Thread 0x000000001864a000 Exception <a 'java/lang/NullPointerException'> (0x00000000ddc19b18) thrown at [C:\re\workspace\8-2-build-windows-amd64-cygwin\jdk8u111\7883\hotspot\src\share\vm\prims\jvm.cpp, line 1390]
Event: 87.012 Thread 0x000000001864a000 Exception <a 'java/lang/NullPointerException'> (0x00000000ddc19b18) thrown at [C:\re\workspace\8-2-build-windows-amd64-cygwin\jdk8u111\7883\hotspot\src\share\vm\prims\jvm.cpp, line 1390]
Event: 87.012 Thread 0x000000001864a000 Exception <a 'java/lang/NullPointerException'> (0x00000000ddc19b18) thrown at [C:\re\workspace\8-2-build-windows-amd64-cygwin\jdk8u111\7883\hotspot\src\share\vm\prims\jvm.cpp, line 1390]
Event: 90.973 Thread 0x000000001864a000 Implicit null exception at 0x0000000003543b77 to 0x0000000003544361
Event: 190.430 Thread 0x000000001864a000 Implicit null exception at 0x0000000002eec98f to 0x0000000002eed091
Event: 190.430 Thread 0x000000001864a000 Implicit null exception at 0x0000000002db8ff1 to 0x0000000000000000

Events (10 events):
Event: 189.618 Thread 0x0000000016a44000 flushing nmethod 0x00000000031a8410
Event: 189.618 Thread 0x0000000016a44000 flushing nmethod 0x00000000031ee8d0
Event: 189.618 Thread 0x0000000016a44000 flushing nmethod 0x0000000003218310
Event: 189.772 Thread 0x0000000016a44000 flushing nmethod 0x00000000032f3710
Event: 189.772 Thread 0x0000000016a44000 flushing nmethod 0x00000000032fa5d0
Event: 189.831 Thread 0x0000000016a0a000 flushing nmethod 0x0000000003339310
Event: 189.831 Thread 0x0000000016a0a000 flushing nmethod 0x000000000333ad50
Event: 190.430 Thread 0x000000001864a000 Uncommon trap: trap_request=0xffffff65 fr.pc=0x0000000002eed0a0
Event: 190.430 Thread 0x000000001864a000 DEOPT PACKING pc=0x0000000002eed0a0 sp=0x0000000019f89a10
Event: 190.430 Thread 0x000000001864a000 DEOPT UNPACKING pc=0x0000000002cd582a sp=0x0000000019f899f0 mode 2


Dynamic libraries:
0x00007ff74bf30000 - 0x00007ff74bf67000 	C:\Program Files\Java\jdk1.8.0_111\bin\java.exe
0x00007ffa95340000 - 0x00007ffa95512000 	C:\WINDOWS\SYSTEM32\ntdll.dll
0x00007ffa94ec0000 - 0x00007ffa94f6c000 	C:\WINDOWS\System32\KERNEL32.DLL
0x00007ffa918b0000 - 0x00007ffa91acd000 	C:\WINDOWS\System32\KERNELBASE.dll
0x00007ffa93f30000 - 0x00007ffa93fd2000 	C:\WINDOWS\System32\ADVAPI32.dll
0x00007ffa94140000 - 0x00007ffa941de000 	C:\WINDOWS\System32\msvcrt.dll
0x00007ffa946d0000 - 0x00007ffa94729000 	C:\WINDOWS\System32\sechost.dll
0x00007ffa94b40000 - 0x00007ffa94c61000 	C:\WINDOWS\System32\RPCRT4.dll
0x00007ffa94830000 - 0x00007ffa94995000 	C:\WINDOWS\System32\USER32.dll
0x00007ffa92120000 - 0x00007ffa9213e000 	C:\WINDOWS\System32\win32u.dll
0x00007ffa93ee0000 - 0x00007ffa93f14000 	C:\WINDOWS\System32\GDI32.dll
0x00007ffa91ea0000 - 0x00007ffa92020000 	C:\WINDOWS\System32\gdi32full.dll
0x00007ffa8a2e0000 - 0x00007ffa8a55a000 	C:\WINDOWS\WinSxS\amd64_microsoft.windows.common-controls_6595b64144ccf1df_6.0.14393.953_none_42151e83c686086b\COMCTL32.dll
0x00007ffa94f70000 - 0x00007ffa95238000 	C:\WINDOWS\System32\combase.dll
0x00007ffa91ad0000 - 0x00007ffa91bc5000 	C:\WINDOWS\System32\ucrtbase.dll
0x00007ffa91840000 - 0x00007ffa918aa000 	C:\WINDOWS\System32\bcryptPrimitives.dll
0x00007ffa94e20000 - 0x00007ffa94e4e000 	C:\WINDOWS\System32\IMM32.DLL
0x000000005a100000 - 0x000000005a1d2000 	C:\Program Files\Java\jdk1.8.0_111\jre\bin\msvcr100.dll
0x000000005a1e0000 - 0x000000005aa7a000 	C:\Program Files\Java\jdk1.8.0_111\jre\bin\server\jvm.dll
0x00007ffa95240000 - 0x00007ffa95248000 	C:\WINDOWS\System32\PSAPI.DLL
0x00007ffa8e8e0000 - 0x00007ffa8e8e9000 	C:\WINDOWS\SYSTEM32\WSOCK32.dll
0x00007ffa8f4e0000 - 0x00007ffa8f503000 	C:\WINDOWS\SYSTEM32\WINMM.dll
0x00007ffa89ee0000 - 0x00007ffa89eea000 	C:\WINDOWS\SYSTEM32\VERSION.dll
0x00007ffa94e50000 - 0x00007ffa94eba000 	C:\WINDOWS\System32\WS2_32.dll
0x00007ffa8f4b0000 - 0x00007ffa8f4db000 	C:\WINDOWS\SYSTEM32\WINMMBASE.dll
0x00007ffa92020000 - 0x00007ffa92062000 	C:\WINDOWS\System32\cfgmgr32.dll
0x000000005a0b0000 - 0x000000005a0bf000 	C:\Program Files\Java\jdk1.8.0_111\jre\bin\verify.dll
0x000000005a080000 - 0x000000005a0a9000 	C:\Program Files\Java\jdk1.8.0_111\jre\bin\java.dll
0x000000005a060000 - 0x000000005a076000 	C:\Program Files\Java\jdk1.8.0_111\jre\bin\zip.dll
0x00007ffa929d0000 - 0x00007ffa93ed8000 	C:\WINDOWS\System32\SHELL32.dll
0x00007ffa92140000 - 0x00007ffa9281a000 	C:\WINDOWS\System32\windows.storage.dll
0x00007ffa917c0000 - 0x00007ffa9180c000 	C:\WINDOWS\System32\powrprof.dll
0x00007ffa952e0000 - 0x00007ffa95332000 	C:\WINDOWS\System32\shlwapi.dll
0x00007ffa917b0000 - 0x00007ffa917bf000 	C:\WINDOWS\System32\kernel.appcore.dll
0x00007ffa92070000 - 0x00007ffa92119000 	C:\WINDOWS\System32\shcore.dll
0x00007ffa91810000 - 0x00007ffa91824000 	C:\WINDOWS\System32\profapi.dll
0x0000000059e80000 - 0x000000005a018000 	C:\Program Files\Java\jdk1.8.0_111\jre\bin\awt.dll
0x00007ffa94610000 - 0x00007ffa946cf000 	C:\WINDOWS\System32\OLEAUT32.dll
0x00007ffa91c30000 - 0x00007ffa91ccc000 	C:\WINDOWS\System32\msvcp_win.dll
0x00007ffa8fd50000 - 0x00007ffa8fdca000 	C:\WINDOWS\SYSTEM32\apphelp.dll
0x00007ffa8fe30000 - 0x00007ffa8fec5000 	C:\WINDOWS\system32\uxtheme.dll
0x00007ffa93fe0000 - 0x00007ffa9413a000 	C:\WINDOWS\System32\MSCTF.dll
0x00007ffa8f240000 - 0x00007ffa8f266000 	C:\WINDOWS\system32\dwmapi.dll
0x00007ffa949a0000 - 0x00007ffa94ad8000 	C:\WINDOWS\System32\ole32.dll
0x0000000059e30000 - 0x0000000059e77000 	C:\Program Files\Java\jdk1.8.0_111\jre\bin\fontmanager.dll
0x000000005a040000 - 0x000000005a05a000 	C:\Program Files\Java\jdk1.8.0_111\jre\bin\net.dll
0x00007ffa910e0000 - 0x00007ffa9113c000 	C:\WINDOWS\system32\mswsock.dll
0x000000005a020000 - 0x000000005a031000 	C:\Program Files\Java\jdk1.8.0_111\jre\bin\nio.dll
0x0000000059de0000 - 0x0000000059e22000 	C:\Program Files\Java\jdk1.8.0_111\jre\bin\t2k.dll
0x0000000059da0000 - 0x0000000059dca000 	C:\Program Files\Java\jdk1.8.0_111\jre\bin\dcpr.dll
0x00007ffa94790000 - 0x00007ffa9482f000 	C:\WINDOWS\System32\clbcatq.dll
0x00007ffa8ec20000 - 0x00007ffa8edc8000 	C:\WINDOWS\SYSTEM32\WindowsCodecs.dll
0x00007ffa73ca0000 - 0x00007ffa73ce9000 	C:\WINDOWS\system32\dataexchange.dll
0x00007ffa8f6d0000 - 0x00007ffa8f821000 	C:\WINDOWS\system32\dcomp.dll
0x00007ffa8dc50000 - 0x00007ffa8df06000 	C:\WINDOWS\system32\d3d11.dll
0x00007ffa90730000 - 0x00007ffa907cf000 	C:\WINDOWS\system32\dxgi.dll
0x00007ffa902b0000 - 0x00007ffa903cc000 	C:\WINDOWS\system32\twinapi.appcore.dll
0x00007ffa91390000 - 0x00007ffa913bb000 	C:\WINDOWS\system32\bcrypt.dll
0x00007ffa8e6b0000 - 0x00007ffa8e842000 	C:\WINDOWS\SYSTEM32\dbghelp.dll

VM Arguments:
jvm_args: -Dfile.encoding=UTF-8 
java_command: ec.edu.up.vista.Start
java_class_path (initial): C:\Program Files\NetBeans 8.2\java\modules\ext\beansbinding-1.2.1.jar;C:\Users\Angel\Downloads\jcalendar-1.1.4.jar\jcalendar-1.1.4.jar;C:\Users\Angel\Documents\NetBeansProjects\ProyectoRol\build\classes
Launcher Type: SUN_STANDARD

Environment Variables:
PATH=C:\ProgramData\Oracle\Java\javapath;C:\Program Files (x86)\Intel\iCLS Client\;C:\Program Files\Intel\iCLS Client\;C:\Windows\system32;C:\Windows;C:\Windows\System32\Wbem;C:\Windows\System32\WindowsPowerShell\v1.0\;C:\Program Files (x86)\NVIDIA Corporation\PhysX\Common;C:\Program Files (x86)\Intel\Intel(R) Management Engine Components\DAL;C:\Program Files\Intel\Intel(R) Management Engine Components\DAL;C:\Program Files (x86)\Intel\Intel(R) Management Engine Components\IPT;C:\Program Files\Intel\Intel(R) Management Engine Components\IPT;C:\WINDOWS\system32;C:\WINDOWS;C:\WINDOWS\System32\Wbem;C:\WINDOWS\System32\WindowsPowerShell\v1.0\;C:\Program Files\Intel\WiFi\bin\;C:\Program Files\Common Files\Intel\WirelessCommon\;C:\Users\Angel\AppData\Local\Microsoft\WindowsApps;
USERNAME=Angel
OS=Windows_NT
PROCESSOR_IDENTIFIER=Intel64 Family 6 Model 61 Stepping 4, GenuineIntel



---------------  S Y S T E M  ---------------

OS: Windows 10.0 , 64 bit Build 14393 (10.0.14393.1198)

CPU:total 4 (2 cores per cpu, 2 threads per core) family 6 model 61 stepping 4, cmov, cx8, fxsr, mmx, sse, sse2, sse3, ssse3, sse4.1, sse4.2, popcnt, avx, avx2, aes, clmul, erms, 3dnowpref, lzcnt, ht, tsc, tscinvbit, bmi1, bmi2, adx

Memory: 4k page, physical 6732184k(3472672k free), swap 7846296k(3804356k free)

vm_info: Java HotSpot(TM) 64-Bit Server VM (25.111-b14) for windows-amd64 JRE (1.8.0_111-b14), built on Sep 22 2016 19:24:05 by "java_re" with MS VC++ 10.0 (VS2010)

time: Tue Oct 03 16:02:34 2017
elapsed time: 190 seconds (0d 0h 3m 10s)

